[2015-10-08T01:57:58.975258+00:00|Webhook_Testing] Eli Lu: /Asset 999
[2015-10-08T04:43:43.714982+00:00|Webhook_Testing] Eli Lu: /Search 999
[2015-10-08T22:28:04.981817+00:00|Webhook_Testing] Eli Lu: /help
[2015-10-12T06:12:22.229606+00:00|Webhook_Testing] Eli Lu: /Search xxx
[2015-10-12T06:12:28.632028+00:00|Webhook_Testing] Eli Lu: /Search xx xxx xx xxxxx dcfdfdfs
[2015-10-12T06:12:41.569153+00:00|Webhook_Testing] Eli Lu: /Asset 9 2 3 34 34 34 34 34 34 3 4343434343434 
[2015-10-12T06:12:50.539546+00:00|Webhook_Testing] Eli Lu: /
[2015-10-12T06:12:59.832347+00:00|Webhook_Testing] Eli Lu: /Help 
[2015-10-12T06:31:56.321168+00:00|Webhook_Testing] Eli Lu: /haha ..&&& 
[2015-10-12T06:32:06.204263+00:00|Webhook_Testing] Eli Lu: /Search 929387498237489237984273894729834782937489372984729837498274928
[2015-10-12T06:32:24.453192+00:00|Webhook_Testing] Eli Lu: /Wow....
[2015-10-13T02:23:46.846865+00:00|Webhook_Testing] Eli Lu: /Search 22342l3kj4l2k3j4l23j
[2015-10-13T08:47:47.571552+00:00|Webhook_Testing] Eli Lu: /Help 
[2015-10-16T07:14:41.898140+00:00|Webhook_Testing] Eli Lu: /Search xdklfjsldjf
[2015-10-30T04:53:21.911033+00:00|Webhook_Testing] Owen Ko: /Search 101
[|] : 
[|] : 
[2015-12-02T02:39:10.965023+00:00|Webhook_Testing] Eli Lu: /search
[2015-12-02T03:06:34.690473+00:00|HC300000(All)] Eli Lu: /search 
[2015-12-02T03:07:08.640937+00:00|HC300000(All)] Eli Lu: /Search 
[2015-12-02T03:16:28.101397+00:00|HC300000(All)] Eli Lu: /Search 
[2015-12-02T03:18:53.407466+00:00|HC300000(All)] Eli Lu: /Help 
[2015-12-08T02:57:37.598737+00:00|HC300000(All)] Eli Lu: /Search XXX
[2015-12-08T03:01:01.569821+00:00|HC300000(All)] Eli Lu: /Help 
[2015-12-08T10:27:31.527400+00:00|HC300000(All)] Eli Lu: /Search XXX
[2015-12-08T10:30:54.186761+00:00|HC300000(All)] Eli Lu: /Search XXX
[2015-12-08T10:33:49.087814+00:00|HC300000(All)] Eli Lu: /Search 
